build/app/intermediates/manifest_merge_blame_file/release/manifest-merger-blame-release-report.txt
1<?xml version="1.0" encoding="utf-8"?>
2<manifest xmlns:android="http://schemas.android.com/apk/res/android"
3    package="com.Jettaex.android.jetedit"
4    android:versionCode="3"
5    android:versionName="2.0.1" >
6
7    <uses-sdk
8        android:minSdkVersion="21"
8-->src\main\AndroidManifest.xml
9        android:targetSdkVersion="30" />
9-->src\main\AndroidManifest.xml
10
11    <uses-permission android:name="android.permission.INTERNET" />
11-->[:firebase_messaging] AndroidManifest.xml:7:5-67
11-->[:firebase_messaging] AndroidManifest.xml:7:22-64
12    <uses-permission android:name="android.permission.WAKE_LOCK" />
12-->[:firebase_messaging] AndroidManifest.xml:8:5-68
12-->[:firebase_messaging] AndroidManifest.xml:8:22-65
13    <uses-permission android:name="android.permission.ACCESS_NETWORK_STATE" />
13-->[:firebase_messaging] AndroidManifest.xml:9:5-79
13-->[:firebase_messaging] AndroidManifest.xml:9:22-76
14    <uses-permission android:name="android.permission.RECEIVE_BOOT_COMPLETED" />
14-->[:flutter_local_notifications] AndroidManifest.xml:7:5-81
14-->[:flutter_local_notifications] AndroidManifest.xml:7:22-78
15    <uses-permission android:name="android.permission.VIBRATE" />
15-->[:flutter_local_notifications] AndroidManifest.xml:8:5-66
15-->[:flutter_local_notifications] AndroidManifest.xml:8:22-63
16    <uses-permission android:name="android.permission.USE_FULL_SCREEN_INTENT" />
16-->[:flutter_local_notifications] AndroidManifest.xml:9:5-81
16-->[:flutter_local_notifications] AndroidManifest.xml:9:22-78
17    <uses-permission android:name="android.permission.SCHEDULE_EXACT_ALARM" /> <!-- Required by older versions of Google Play services to create IID tokens -->
17-->[:flutter_local_notifications] AndroidManifest.xml:10:5-79
17-->[:flutter_local_notifications] AndroidManifest.xml:10:22-76
18    <uses-permission android:name="com.google.android.c2dm.permission.RECEIVE" />
18-->[com.google.firebase:firebase-messaging:23.0.0] AndroidManifest.xml:25:5-82
18-->[com.google.firebase:firebase-messaging:23.0.0] AndroidManifest.xml:25:22-79
19
20    <application
20-->src\main\AndroidManifest.xml:3:4-40:19
21        android:appComponentFactory="androidx.core.app.CoreComponentFactory"
21-->[androidx.core:core:1.3.0] AndroidManifest.xml:24:18-86
22        android:icon="@mipmap/jettaex"
22-->src\main\AndroidManifest.xml:5:9-39
23        android:label="Jettex Store" >
23-->src\main\AndroidManifest.xml:4:9-37
24        <activity
24-->src\main\AndroidManifest.xml:6:9-34:20
25            android:name="com.example.jetedit.MainActivity"
25-->src\main\AndroidManifest.xml:7:13-41
26            android:configChanges="orientation|keyboardHidden|keyboard|screenSize|smallestScreenSize|locale|layoutDirection|fontScale|screenLayout|density|uiMode"
26-->src\main\AndroidManifest.xml:10:13-163
27            android:hardwareAccelerated="true"
27-->src\main\AndroidManifest.xml:11:13-47
28            android:launchMode="singleTop"
28-->src\main\AndroidManifest.xml:8:13-43
29            android:theme="@style/LaunchTheme"
29-->src\main\AndroidManifest.xml:9:13-47
30            android:windowSoftInputMode="adjustResize" >
30-->src\main\AndroidManifest.xml:12:13-55
31
32            <!--
33                 Specifies an Android theme to apply to this Activity as soon as
34                 the Android process has started. This theme is visible to the user
35                 while the Flutter UI initializes. After that, this theme continues
36                 to determine the Window background behind the Flutter UI.
37            -->
38            <meta-data
38-->src\main\AndroidManifest.xml:17:13-20:17
39                android:name="io.flutter.embedding.android.NormalTheme"
39-->src\main\AndroidManifest.xml:18:15-70
40                android:resource="@style/NormalTheme" />
40-->src\main\AndroidManifest.xml:19:15-52
41            <!--
42                 Displays an Android View that continues showing the launch screen
43                 Drawable until Flutter paints its first frame, then this splash
44                 screen fades out. A splash screen is useful to avoid any visual
45                 gap between the end of Android's launch screen and the painting of
46                 Flutter's first frame.
47            -->
48            <meta-data
48-->src\main\AndroidManifest.xml:26:13-29:17
49                android:name="io.flutter.embedding.android.SplashScreenDrawable"
49-->src\main\AndroidManifest.xml:27:15-79
50                android:resource="@drawable/launch_background" />
50-->src\main\AndroidManifest.xml:28:15-61
51
52            <intent-filter>
52-->src\main\AndroidManifest.xml:30:13-33:29
53                <action android:name="android.intent.action.MAIN" />
53-->src\main\AndroidManifest.xml:31:17-68
53-->src\main\AndroidManifest.xml:31:25-66
54
55                <category android:name="android.intent.category.LAUNCHER" />
55-->src\main\AndroidManifest.xml:32:17-76
55-->src\main\AndroidManifest.xml:32:27-74
56            </intent-filter>
57        </activity>
58        <!--
59             Don't delete the meta-data below.
60             This is used by the Flutter tool to generate GeneratedPluginRegistrant.java
61        -->
62        <meta-data
62-->src\main\AndroidManifest.xml:37:9-39:33
63            android:name="flutterEmbedding"
63-->src\main\AndroidManifest.xml:38:13-44
64            android:value="2" />
64-->src\main\AndroidManifest.xml:39:13-30
65
66        <service
66-->[:firebase_auth] AndroidManifest.xml:8:9-12:19
67            android:name="com.google.firebase.components.ComponentDiscoveryService"
67-->[:firebase_auth] AndroidManifest.xml:8:18-89
68            android:directBootAware="true"
68-->[com.google.firebase:firebase-common:20.0.0] AndroidManifest.xml:35:13-43
69            android:exported="false" >
69-->[com.google.firebase:firebase-messaging:23.0.0] AndroidManifest.xml:51:13-37
70            <meta-data
70-->[:firebase_auth] AndroidManifest.xml:9:13-11:85
71                android:name="com.google.firebase.components:io.flutter.plugins.firebase.auth.FlutterFirebaseAuthRegistrar"
71-->[:firebase_auth] AndroidManifest.xml:10:17-124
72                android:value="com.google.firebase.components.ComponentRegistrar" />
72-->[:firebase_auth] AndroidManifest.xml:11:17-82
73            <meta-data
73-->[:firebase_storage] AndroidManifest.xml:9:13-11:85
74                android:name="com.google.firebase.components:io.flutter.plugins.firebase.storage.FlutterFirebaseAppRegistrar"
74-->[:firebase_storage] AndroidManifest.xml:10:17-126
75                android:value="com.google.firebase.components.ComponentRegistrar" />
75-->[:firebase_storage] AndroidManifest.xml:11:17-82
76            <meta-data
76-->[:firebase_messaging] AndroidManifest.xml:34:13-36:85
77                android:name="com.google.firebase.components:io.flutter.plugins.firebase.messaging.FlutterFirebaseAppRegistrar"
77-->[:firebase_messaging] AndroidManifest.xml:35:17-128
78                android:value="com.google.firebase.components.ComponentRegistrar" />
78-->[:firebase_messaging] AndroidManifest.xml:36:17-82
79            <meta-data
79-->[:firebase_core] AndroidManifest.xml:9:13-11:85
80                android:name="com.google.firebase.components:io.flutter.plugins.firebase.core.FlutterFirebaseCoreRegistrar"
80-->[:firebase_core] AndroidManifest.xml:10:17-124
81                android:value="com.google.firebase.components.ComponentRegistrar" />
81-->[:firebase_core] AndroidManifest.xml:11:17-82
82            <meta-data
82-->[com.google.firebase:firebase-messaging:23.0.0] AndroidManifest.xml:52:13-54:85
83                android:name="com.google.firebase.components:com.google.firebase.messaging.FirebaseMessagingRegistrar"
83-->[com.google.firebase:firebase-messaging:23.0.0] AndroidManifest.xml:53:17-119
84                android:value="com.google.firebase.components.ComponentRegistrar" />
84-->[com.google.firebase:firebase-messaging:23.0.0] AndroidManifest.xml:54:17-82
85            <meta-data
85-->[com.google.firebase:firebase-datatransport:18.0.0] AndroidManifest.xml:28:13-30:85
86                android:name="com.google.firebase.components:com.google.firebase.datatransport.TransportRegistrar"
86-->[com.google.firebase:firebase-datatransport:18.0.0] AndroidManifest.xml:29:17-115
87                android:value="com.google.firebase.components.ComponentRegistrar" />
87-->[com.google.firebase:firebase-datatransport:18.0.0] AndroidManifest.xml:30:17-82
88            <meta-data
88-->[com.google.firebase:firebase-auth:21.0.1] AndroidManifest.xml:77:13-79:85
89                android:name="com.google.firebase.components:com.google.firebase.auth.FirebaseAuthRegistrar"
89-->[com.google.firebase:firebase-auth:21.0.1] AndroidManifest.xml:78:17-109
90                android:value="com.google.firebase.components.ComponentRegistrar" />
90-->[com.google.firebase:firebase-auth:21.0.1] AndroidManifest.xml:79:17-82
91            <meta-data
91-->[com.google.firebase:firebase-storage:20.0.0] AndroidManifest.xml:33:13-35:85
92                android:name="com.google.firebase.components:com.google.firebase.storage.StorageRegistrar"
92-->[com.google.firebase:firebase-storage:20.0.0] AndroidManifest.xml:34:17-107
93                android:value="com.google.firebase.components.ComponentRegistrar" />
93-->[com.google.firebase:firebase-storage:20.0.0] AndroidManifest.xml:35:17-82
94            <meta-data
94-->[com.google.firebase:firebase-installations:17.0.0] AndroidManifest.xml:18:13-20:85
95                android:name="com.google.firebase.components:com.google.firebase.installations.FirebaseInstallationsRegistrar"
95-->[com.google.firebase:firebase-installations:17.0.0] AndroidManifest.xml:19:17-127
96                android:value="com.google.firebase.components.ComponentRegistrar" />
96-->[com.google.firebase:firebase-installations:17.0.0] AndroidManifest.xml:20:17-82
97        </service>
98        <service
98-->[:firebase_messaging] AndroidManifest.xml:12:9-15:72
99            android:name="io.flutter.plugins.firebase.messaging.FlutterFirebaseMessagingBackgroundService"
99-->[:firebase_messaging] AndroidManifest.xml:13:13-107
100            android:exported="false"
100-->[:firebase_messaging] AndroidManifest.xml:14:13-37
101            android:permission="android.permission.BIND_JOB_SERVICE" />
101-->[:firebase_messaging] AndroidManifest.xml:15:13-69
102        <service
102-->[:firebase_messaging] AndroidManifest.xml:16:9-22:19
103            android:name="io.flutter.plugins.firebase.messaging.FlutterFirebaseMessagingService"
103-->[:firebase_messaging] AndroidManifest.xml:17:13-97
104            android:exported="false" >
104-->[:firebase_messaging] AndroidManifest.xml:18:13-37
105            <intent-filter>
105-->[:firebase_messaging] AndroidManifest.xml:19:13-21:29
106                <action android:name="com.google.firebase.MESSAGING_EVENT" />
106-->[:firebase_messaging] AndroidManifest.xml:20:17-78
106-->[:firebase_messaging] AndroidManifest.xml:20:25-75
107            </intent-filter>
108        </service>
109
110        <receiver
110-->[:firebase_messaging] AndroidManifest.xml:24:9-31:20
111            android:name="io.flutter.plugins.firebase.messaging.FlutterFirebaseMessagingReceiver"
111-->[:firebase_messaging] AndroidManifest.xml:25:13-98
112            android:exported="true"
112-->[:firebase_messaging] AndroidManifest.xml:26:13-36
113            android:permission="com.google.android.c2dm.permission.SEND" >
113-->[:firebase_messaging] AndroidManifest.xml:27:13-73
114            <intent-filter>
114-->[:firebase_messaging] AndroidManifest.xml:28:13-30:29
115                <action android:name="com.google.android.c2dm.intent.RECEIVE" />
115-->[:firebase_messaging] AndroidManifest.xml:29:17-81
115-->[:firebase_messaging] AndroidManifest.xml:29:25-78
116            </intent-filter>
117        </receiver>
118
119        <provider
119-->[:firebase_messaging] AndroidManifest.xml:39:9-43:38
120            android:name="io.flutter.plugins.firebase.messaging.FlutterFirebaseMessagingInitProvider"
120-->[:firebase_messaging] AndroidManifest.xml:40:13-102
121            android:authorities="com.Jettaex.android.jetedit.flutterfirebasemessaginginitprovider"
121-->[:firebase_messaging] AndroidManifest.xml:41:13-88
122            android:exported="false"
122-->[:firebase_messaging] AndroidManifest.xml:42:13-37
123            android:initOrder="99" />
123-->[:firebase_messaging] AndroidManifest.xml:43:13-35
124        <provider
124-->[:image_picker] AndroidManifest.xml:8:9-16:20
125            android:name="io.flutter.plugins.imagepicker.ImagePickerFileProvider"
125-->[:image_picker] AndroidManifest.xml:9:13-82
126            android:authorities="com.Jettaex.android.jetedit.flutter.image_provider"
126-->[:image_picker] AndroidManifest.xml:10:13-74
127            android:exported="false"
127-->[:image_picker] AndroidManifest.xml:11:13-37
128            android:grantUriPermissions="true" >
128-->[:image_picker] AndroidManifest.xml:12:13-47
129            <meta-data
129-->[:image_picker] AndroidManifest.xml:13:13-15:75
130                android:name="android.support.FILE_PROVIDER_PATHS"
130-->[:image_picker] AndroidManifest.xml:14:17-67
131                android:resource="@xml/flutter_image_picker_file_paths" />
131-->[:image_picker] AndroidManifest.xml:15:17-72
132        </provider>
133
134        <receiver
134-->[:flutter_local_notifications] AndroidManifest.xml:13:9-15:40
135            android:name="com.dexterous.flutterlocalnotifications.ScheduledNotificationReceiver"
135-->[:flutter_local_notifications] AndroidManifest.xml:14:13-97
136            android:exported="false" />
136-->[:flutter_local_notifications] AndroidManifest.xml:15:13-37
137        <receiver
137-->[:flutter_local_notifications] AndroidManifest.xml:16:9-25:20
138            android:name="com.dexterous.flutterlocalnotifications.ScheduledNotificationBootReceiver"
138-->[:flutter_local_notifications] AndroidManifest.xml:17:13-101
139            android:exported="false" >
139-->[:flutter_local_notifications] AndroidManifest.xml:18:13-37
140            <intent-filter>
140-->[:flutter_local_notifications] AndroidManifest.xml:19:13-24:29
141                <action android:name="android.intent.action.BOOT_COMPLETED" />
141-->[:flutter_local_notifications] AndroidManifest.xml:20:17-79
141-->[:flutter_local_notifications] AndroidManifest.xml:20:25-76
142                <action android:name="android.intent.action.MY_PACKAGE_REPLACED" />
142-->[:flutter_local_notifications] AndroidManifest.xml:21:17-84
142-->[:flutter_local_notifications] AndroidManifest.xml:21:25-81
143                <action android:name="android.intent.action.QUICKBOOT_POWERON" />
143-->[:flutter_local_notifications] AndroidManifest.xml:22:17-82
143-->[:flutter_local_notifications] AndroidManifest.xml:22:25-79
144                <action android:name="com.htc.intent.action.QUICKBOOT_POWERON" />
144-->[:flutter_local_notifications] AndroidManifest.xml:23:17-82
144-->[:flutter_local_notifications] AndroidManifest.xml:23:25-79
145            </intent-filter>
146        </receiver>
147
148        <activity
148-->[:url_launcher] AndroidManifest.xml:8:9-11:74
149            android:name="io.flutter.plugins.urllauncher.WebViewActivity"
149-->[:url_launcher] AndroidManifest.xml:9:13-74
150            android:exported="false"
150-->[:url_launcher] AndroidManifest.xml:10:13-37
151            android:theme="@android:style/Theme.NoTitleBar.Fullscreen" />
151-->[:url_launcher] AndroidManifest.xml:11:13-71
152
153        <receiver
153-->[com.google.firebase:firebase-messaging:23.0.0] AndroidManifest.xml:28:9-35:20
154            android:name="com.google.firebase.iid.FirebaseInstanceIdReceiver"
154-->[com.google.firebase:firebase-messaging:23.0.0] AndroidManifest.xml:29:13-78
155            android:exported="true"
155-->[com.google.firebase:firebase-messaging:23.0.0] AndroidManifest.xml:30:13-36
156            android:permission="com.google.android.c2dm.permission.SEND" >
156-->[com.google.firebase:firebase-messaging:23.0.0] AndroidManifest.xml:31:13-73
157            <intent-filter>
157-->[:firebase_messaging] AndroidManifest.xml:28:13-30:29
158                <action android:name="com.google.android.c2dm.intent.RECEIVE" />
158-->[:firebase_messaging] AndroidManifest.xml:29:17-81
158-->[:firebase_messaging] AndroidManifest.xml:29:25-78
159            </intent-filter>
160        </receiver>
161        <!--
162             FirebaseMessagingService performs security checks at runtime,
163             but set to not exported to explicitly avoid allowing another app to call it.
164        -->
165        <service
165-->[com.google.firebase:firebase-messaging:23.0.0] AndroidManifest.xml:41:9-48:19
166            android:name="com.google.firebase.messaging.FirebaseMessagingService"
166-->[com.google.firebase:firebase-messaging:23.0.0] AndroidManifest.xml:42:13-82
167            android:directBootAware="true"
167-->[com.google.firebase:firebase-messaging:23.0.0] AndroidManifest.xml:43:13-43
168            android:exported="false" >
168-->[com.google.firebase:firebase-messaging:23.0.0] AndroidManifest.xml:44:13-37
169            <intent-filter android:priority="-500" >
169-->[:firebase_messaging] AndroidManifest.xml:19:13-21:29
170                <action android:name="com.google.firebase.MESSAGING_EVENT" />
170-->[:firebase_messaging] AndroidManifest.xml:20:17-78
170-->[:firebase_messaging] AndroidManifest.xml:20:25-75
171            </intent-filter>
172        </service>
173        <service
173-->[com.google.android.datatransport:transport-backend-cct:3.0.0] AndroidManifest.xml:29:9-35:19
174            android:name="com.google.android.datatransport.runtime.backends.TransportBackendDiscovery"
174-->[com.google.android.datatransport:transport-backend-cct:3.0.0] AndroidManifest.xml:30:13-103
175            android:exported="false" >
175-->[com.google.android.datatransport:transport-backend-cct:3.0.0] AndroidManifest.xml:31:13-37
176            <meta-data
176-->[com.google.android.datatransport:transport-backend-cct:3.0.0] AndroidManifest.xml:32:13-34:39
177                android:name="backend:com.google.android.datatransport.cct.CctBackendFactory"
177-->[com.google.android.datatransport:transport-backend-cct:3.0.0] AndroidManifest.xml:33:17-94
178                android:value="cct" />
178-->[com.google.android.datatransport:transport-backend-cct:3.0.0] AndroidManifest.xml:34:17-36
179        </service>
180
181        <activity
181-->[com.google.firebase:firebase-auth:21.0.1] AndroidManifest.xml:27:9-44:20
182            android:name="com.google.firebase.auth.internal.GenericIdpActivity"
182-->[com.google.firebase:firebase-auth:21.0.1] AndroidManifest.xml:28:13-80
183            android:excludeFromRecents="true"
183-->[com.google.firebase:firebase-auth:21.0.1] AndroidManifest.xml:29:13-46
184            android:exported="true"
184-->[com.google.firebase:firebase-auth:21.0.1] AndroidManifest.xml:30:13-36
185            android:launchMode="singleTask"
185-->[com.google.firebase:firebase-auth:21.0.1] AndroidManifest.xml:31:13-44
186            android:theme="@android:style/Theme.Translucent.NoTitleBar" >
186-->[com.google.firebase:firebase-auth:21.0.1] AndroidManifest.xml:32:13-72
187            <intent-filter>
187-->[com.google.firebase:firebase-auth:21.0.1] AndroidManifest.xml:33:13-43:29
188                <action android:name="android.intent.action.VIEW" />
188-->[com.google.firebase:firebase-auth:21.0.1] AndroidManifest.xml:34:17-69
188-->[com.google.firebase:firebase-auth:21.0.1] AndroidManifest.xml:34:25-66
189
190                <category android:name="android.intent.category.DEFAULT" />
190-->[com.google.firebase:firebase-auth:21.0.1] AndroidManifest.xml:36:17-76
190-->[com.google.firebase:firebase-auth:21.0.1] AndroidManifest.xml:36:27-73
191                <category android:name="android.intent.category.BROWSABLE" />
191-->[com.google.firebase:firebase-auth:21.0.1] AndroidManifest.xml:37:17-78
191-->[com.google.firebase:firebase-auth:21.0.1] AndroidManifest.xml:37:27-75
192
193                <data
193-->[com.google.firebase:firebase-auth:21.0.1] AndroidManifest.xml:39:17-42:51
194                    android:host="firebase.auth"
194-->[com.google.firebase:firebase-auth:21.0.1] AndroidManifest.xml:40:21-49
195                    android:path="/"
195-->[com.google.firebase:firebase-auth:21.0.1] AndroidManifest.xml:41:21-37
196                    android:scheme="genericidp" />
196-->[com.google.firebase:firebase-auth:21.0.1] AndroidManifest.xml:42:21-48
197            </intent-filter>
198        </activity>
199        <activity
199-->[com.google.firebase:firebase-auth:21.0.1] AndroidManifest.xml:45:9-62:20
200            android:name="com.google.firebase.auth.internal.RecaptchaActivity"
200-->[com.google.firebase:firebase-auth:21.0.1] AndroidManifest.xml:46:13-79
201            android:excludeFromRecents="true"
201-->[com.google.firebase:firebase-auth:21.0.1] AndroidManifest.xml:47:13-46
202            android:exported="true"
202-->[com.google.firebase:firebase-auth:21.0.1] AndroidManifest.xml:48:13-36
203            android:launchMode="singleTask"
203-->[com.google.firebase:firebase-auth:21.0.1] AndroidManifest.xml:49:13-44
204            android:theme="@android:style/Theme.Translucent.NoTitleBar" >
204-->[com.google.firebase:firebase-auth:21.0.1] AndroidManifest.xml:50:13-72
205            <intent-filter>
205-->[com.google.firebase:firebase-auth:21.0.1] AndroidManifest.xml:51:13-61:29
206                <action android:name="android.intent.action.VIEW" />
206-->[com.google.firebase:firebase-auth:21.0.1] AndroidManifest.xml:34:17-69
206-->[com.google.firebase:firebase-auth:21.0.1] AndroidManifest.xml:34:25-66
207
208                <category android:name="android.intent.category.DEFAULT" />
208-->[com.google.firebase:firebase-auth:21.0.1] AndroidManifest.xml:36:17-76
208-->[com.google.firebase:firebase-auth:21.0.1] AndroidManifest.xml:36:27-73
209                <category android:name="android.intent.category.BROWSABLE" />
209-->[com.google.firebase:firebase-auth:21.0.1] AndroidManifest.xml:37:17-78
209-->[com.google.firebase:firebase-auth:21.0.1] AndroidManifest.xml:37:27-75
210
211                <data
211-->[com.google.firebase:firebase-auth:21.0.1] AndroidManifest.xml:39:17-42:51
212                    android:host="firebase.auth"
212-->[com.google.firebase:firebase-auth:21.0.1] AndroidManifest.xml:40:21-49
213                    android:path="/"
213-->[com.google.firebase:firebase-auth:21.0.1] AndroidManifest.xml:41:21-37
214                    android:scheme="recaptcha" />
214-->[com.google.firebase:firebase-auth:21.0.1] AndroidManifest.xml:42:21-48
215            </intent-filter>
216        </activity>
217
218        <service
218-->[com.google.firebase:firebase-auth:21.0.1] AndroidManifest.xml:64:9-73:19
219            android:name="com.google.firebase.auth.api.fallback.service.FirebaseAuthFallbackService"
219-->[com.google.firebase:firebase-auth:21.0.1] AndroidManifest.xml:65:13-101
220            android:enabled="true"
220-->[com.google.firebase:firebase-auth:21.0.1] AndroidManifest.xml:66:13-35
221            android:exported="false" >
221-->[com.google.firebase:firebase-auth:21.0.1] AndroidManifest.xml:67:13-37
222            <intent-filter>
222-->[com.google.firebase:firebase-auth:21.0.1] AndroidManifest.xml:68:13-72:29
223                <action android:name="com.google.firebase.auth.api.gms.service.START" />
223-->[com.google.firebase:firebase-auth:21.0.1] AndroidManifest.xml:69:17-89
223-->[com.google.firebase:firebase-auth:21.0.1] AndroidManifest.xml:69:25-86
224
225                <category android:name="android.intent.category.DEFAULT" />
225-->[com.google.firebase:firebase-auth:21.0.1] AndroidManifest.xml:36:17-76
225-->[com.google.firebase:firebase-auth:21.0.1] AndroidManifest.xml:36:27-73
226            </intent-filter>
227        </service>
228
229        <provider
229-->[com.google.firebase:firebase-common:20.0.0] AndroidManifest.xml:26:9-31:39
230            android:name="com.google.firebase.provider.FirebaseInitProvider"
230-->[com.google.firebase:firebase-common:20.0.0] AndroidManifest.xml:27:13-77
231            android:authorities="com.Jettaex.android.jetedit.firebaseinitprovider"
231-->[com.google.firebase:firebase-common:20.0.0] AndroidManifest.xml:28:13-72
232            android:directBootAware="true"
232-->[com.google.firebase:firebase-common:20.0.0] AndroidManifest.xml:29:13-43
233            android:exported="false"
233-->[com.google.firebase:firebase-common:20.0.0] AndroidManifest.xml:30:13-37
234            android:initOrder="100" />
234-->[com.google.firebase:firebase-common:20.0.0] AndroidManifest.xml:31:13-36
235
236        <activity
236-->[com.google.android.gms:play-services-base:17.1.0] AndroidManifest.xml:23:9-26:75
237            android:name="com.google.android.gms.common.api.GoogleApiActivity"
237-->[com.google.android.gms:play-services-base:17.1.0] AndroidManifest.xml:24:13-79
238            android:exported="false"
238-->[com.google.android.gms:play-services-base:17.1.0] AndroidManifest.xml:25:13-37
239            android:theme="@android:style/Theme.Translucent.NoTitleBar" />
239-->[com.google.android.gms:play-services-base:17.1.0] AndroidManifest.xml:26:13-72
240
241        <meta-data
241-->[com.google.android.gms:play-services-basement:17.1.0] AndroidManifest.xml:23:9-25:69
242            android:name="com.google.android.gms.version"
242-->[com.google.android.gms:play-services-basement:17.1.0] AndroidManifest.xml:24:13-58
243            android:value="@integer/google_play_services_version" />
243-->[com.google.android.gms:play-services-basement:17.1.0] AndroidManifest.xml:25:13-66
244
245        <service
245-->[com.google.android.datatransport:transport-runtime:3.0.0] AndroidManifest.xml:26:9-30:19
246            android:name="com.google.android.datatransport.runtime.scheduling.jobscheduling.JobInfoSchedulerService"
246-->[com.google.android.datatransport:transport-runtime:3.0.0] AndroidManifest.xml:27:13-117
247            android:exported="false"
247-->[com.google.android.datatransport:transport-runtime:3.0.0] AndroidManifest.xml:28:13-37
248            android:permission="android.permission.BIND_JOB_SERVICE" >
248-->[com.google.android.datatransport:transport-runtime:3.0.0] AndroidManifest.xml:29:13-69
249        </service>
250
251        <receiver
251-->[com.google.android.datatransport:transport-runtime:3.0.0] AndroidManifest.xml:32:9-34:40
252            android:name="com.google.android.datatransport.runtime.scheduling.jobscheduling.AlarmManagerSchedulerBroadcastReceiver"
252-->[com.google.android.datatransport:transport-runtime:3.0.0] AndroidManifest.xml:33:13-132
253            android:exported="false" />
253-->[com.google.android.datatransport:transport-runtime:3.0.0] AndroidManifest.xml:34:13-37
254    </application>
255
256</manifest>